<?xml version="1.0" encoding="UTF-8"?>
<coverage generated="1533869079">
  <project timestamp="1533869079">
    <package name="Placemat\Editor">
      <file name="/Users/caleb/Code/packages/editor/src/Editor.php">
        <class name="Placemat\Editor\Editor" namespace="Placemat\Editor">
          <metrics complexity="94" methods="54" coveredmethods="53" conditionals="0" coveredconditionals="0" statements="198" coveredstatements="196" elements="252" coveredelements="249"/>
        </class>
        <line num="26" type="method" name="__construct" visibility="public" complexity="1" crap="1" count="79"/>
        <line num="28" type="stmt" count="79"/>
        <line num="29" type="stmt" count="79"/>
        <line num="30" type="stmt" count="79"/>
        <line num="40" type="method" name="create" visibility="public" complexity="1" crap="1" count="79"/>
        <line num="42" type="stmt" count="79"/>
        <line num="50" type="method" name="getEncoding" visibility="public" complexity="1" crap="1" count="2"/>
        <line num="52" type="stmt" count="2"/>
        <line num="60" type="method" name="setEncoding" visibility="public" complexity="1" crap="1" count="1"/>
        <line num="62" type="stmt" count="1"/>
        <line num="64" type="stmt" count="1"/>
        <line num="70" type="method" name="__toString" visibility="public" complexity="1" crap="1" count="56"/>
        <line num="72" type="stmt" count="56"/>
        <line num="78" type="method" name="str" visibility="public" complexity="1" crap="1" count="71"/>
        <line num="80" type="stmt" count="71"/>
        <line num="94" type="method" name="after" visibility="public" complexity="2" crap="2" count="1"/>
        <line num="96" type="stmt" count="1"/>
        <line num="97" type="stmt" count="1"/>
        <line num="100" type="stmt" count="1"/>
        <line num="102" type="stmt" count="1"/>
        <line num="112" type="method" name="before" visibility="public" complexity="2" crap="2" count="1"/>
        <line num="114" type="stmt" count="1"/>
        <line num="115" type="stmt" count="1"/>
        <line num="118" type="stmt" count="1"/>
        <line num="120" type="stmt" count="1"/>
        <line num="130" type="method" name="startWith" visibility="public" complexity="1" crap="1" count="1"/>
        <line num="132" type="stmt" count="1"/>
        <line num="134" type="stmt" count="1"/>
        <line num="136" type="stmt" count="1"/>
        <line num="146" type="method" name="finishWith" visibility="public" complexity="1" crap="1" count="1"/>
        <line num="148" type="stmt" count="1"/>
        <line num="150" type="stmt" count="1"/>
        <line num="152" type="stmt" count="1"/>
        <line num="163" type="method" name="limitCharacters" visibility="public" complexity="2" crap="2" count="1"/>
        <line num="165" type="stmt" count="1"/>
        <line num="166" type="stmt" count="1"/>
        <line num="170" type="stmt" count="1"/>
        <line num="172" type="stmt" count="1"/>
        <line num="174" type="stmt" count="1"/>
        <line num="185" type="method" name="limitWords" visibility="public" complexity="3" crap="3" count="1"/>
        <line num="187" type="stmt" count="1"/>
        <line num="189" type="stmt" count="1"/>
        <line num="191" type="stmt" count="1"/>
        <line num="192" type="stmt" count="1"/>
        <line num="195" type="stmt" count="1"/>
        <line num="197" type="stmt" count="1"/>
        <line num="209" type="method" name="plural" visibility="public" complexity="2" crap="2" count="1"/>
        <line num="211" type="stmt" count="1"/>
        <line num="212" type="stmt" count="1"/>
        <line num="215" type="stmt" count="1"/>
        <line num="226" type="method" name="singular" visibility="public" complexity="1" crap="1" count="2"/>
        <line num="228" type="stmt" count="2"/>
        <line num="240" type="method" name="replace" visibility="public" complexity="1" crap="1" count="8"/>
        <line num="242" type="stmt" count="8"/>
        <line num="244" type="stmt" count="8"/>
        <line num="255" type="method" name="replaceFirst" visibility="public" complexity="3" crap="3" count="2"/>
        <line num="257" type="stmt" count="2"/>
        <line num="258" type="stmt" count="1"/>
        <line num="261" type="stmt" count="2"/>
        <line num="263" type="stmt" count="2"/>
        <line num="264" type="stmt" count="1"/>
        <line num="267" type="stmt" count="2"/>
        <line num="269" type="stmt" count="2"/>
        <line num="280" type="method" name="replaceLast" visibility="public" complexity="3" crap="3" count="2"/>
        <line num="282" type="stmt" count="2"/>
        <line num="284" type="stmt" count="2"/>
        <line num="285" type="stmt" count="1"/>
        <line num="288" type="stmt" count="2"/>
        <line num="290" type="stmt" count="2"/>
        <line num="302" type="method" name="replaceSub" visibility="public" complexity="2" crap="2" count="5"/>
        <line num="304" type="stmt" count="5"/>
        <line num="306" type="stmt" count="5"/>
        <line num="308" type="stmt" count="5"/>
        <line num="309" type="stmt" count="1"/>
        <line num="312" type="stmt" count="5"/>
        <line num="314" type="stmt" count="5"/>
        <line num="316" type="stmt" count="5"/>
        <line num="327" type="method" name="remove" visibility="public" complexity="1" crap="1" count="5"/>
        <line num="329" type="stmt" count="5"/>
        <line num="339" type="method" name="removeFirst" visibility="public" complexity="1" crap="1" count="1"/>
        <line num="341" type="stmt" count="1"/>
        <line num="351" type="method" name="removeLast" visibility="public" complexity="1" crap="1" count="1"/>
        <line num="353" type="stmt" count="1"/>
        <line num="364" type="method" name="slug" visibility="public" complexity="2" crap="2" count="1"/>
        <line num="366" type="stmt" count="1"/>
        <line num="369" type="stmt" count="1"/>
        <line num="371" type="stmt" count="1"/>
        <line num="374" type="stmt" count="1"/>
        <line num="377" type="stmt" count="1"/>
        <line num="380" type="stmt" count="1"/>
        <line num="383" type="stmt" count="1"/>
        <line num="385" type="stmt" count="1"/>
        <line num="396" type="method" name="chunk" visibility="public" complexity="4" crap="4" count="2"/>
        <line num="398" type="stmt" count="2"/>
        <line num="399" type="stmt" count="1"/>
        <line num="400" type="stmt" count="1"/>
        <line num="404" type="stmt" count="2"/>
        <line num="406" type="stmt" count="2"/>
        <line num="408" type="stmt" count="2"/>
        <line num="409" type="stmt" count="2"/>
        <line num="412" type="stmt" count="2"/>
        <line num="413" type="stmt" count="1"/>
        <line num="416" type="stmt" count="2"/>
        <line num="426" type="method" name="splitWords" visibility="public" complexity="1" crap="1" count="3"/>
        <line num="428" type="stmt" count="3"/>
        <line num="430" type="method" name="anonymousFunction:430#1822" complexity="1" crap="1" count="3"/>
        <line num="431" type="stmt" count="3"/>
        <line num="432" type="stmt" count="3"/>
        <line num="440" type="method" name="firstWord" visibility="public" complexity="1" crap="1" count="1"/>
        <line num="442" type="stmt" count="1"/>
        <line num="450" type="method" name="lastWord" visibility="public" complexity="1" crap="1" count="1"/>
        <line num="452" type="stmt" count="1"/>
        <line num="454" type="stmt" count="1"/>
        <line num="465" type="method" name="slice" visibility="public" complexity="1" crap="1" count="48"/>
        <line num="467" type="stmt" count="48"/>
        <line num="469" type="stmt" count="48"/>
        <line num="479" type="method" name="trim" visibility="public" complexity="1" crap="1" count="39"/>
        <line num="481" type="stmt" count="39"/>
        <line num="483" type="stmt" count="39"/>
        <line num="497" type="method" name="contains" visibility="public" complexity="2" crap="2" count="1"/>
        <line num="499" type="stmt" count="1"/>
        <line num="509" type="method" name="startsWith" visibility="public" complexity="2" crap="2" count="1"/>
        <line num="511" type="stmt" count="1"/>
        <line num="513" type="stmt" count="1"/>
        <line num="523" type="method" name="endsWith" visibility="public" complexity="2" crap="2" count="1"/>
        <line num="525" type="stmt" count="1"/>
        <line num="527" type="stmt" count="1"/>
        <line num="537" type="method" name="matches" visibility="public" complexity="2" crap="2" count="1"/>
        <line num="542" type="stmt" count="1"/>
        <line num="543" type="stmt" count="1"/>
        <line num="546" type="stmt" count="1"/>
        <line num="551" type="stmt" count="1"/>
        <line num="553" type="stmt" count="1"/>
        <line num="561" type="method" name="length" visibility="public" complexity="1" crap="1" count="18"/>
        <line num="563" type="stmt" count="18"/>
        <line num="575" type="method" name="lowerCase" visibility="public" complexity="1" crap="1" count="36"/>
        <line num="577" type="stmt" count="36"/>
        <line num="579" type="stmt" count="36"/>
        <line num="587" type="method" name="lowerCaseFirst" visibility="public" complexity="1" crap="1" count="2"/>
        <line num="589" type="stmt" count="2"/>
        <line num="591" type="stmt" count="2"/>
        <line num="602" type="method" name="lowerCaseWords" visibility="public" complexity="4" crap="4" count="1"/>
        <line num="604" type="stmt" count="1"/>
        <line num="606" type="stmt" count="1"/>
        <line num="608" type="stmt" count="1"/>
        <line num="610" type="stmt" count="1"/>
        <line num="611" type="stmt" count="1"/>
        <line num="613" type="stmt" count="1"/>
        <line num="614" type="stmt" count="1"/>
        <line num="616" type="stmt" count="1"/>
        <line num="617" type="stmt" count="1"/>
        <line num="618" type="stmt" count="1"/>
        <line num="621" type="stmt" count="1"/>
        <line num="624" type="stmt" count="1"/>
        <line num="632" type="method" name="upperCase" visibility="public" complexity="1" crap="1" count="38"/>
        <line num="634" type="stmt" count="38"/>
        <line num="636" type="stmt" count="38"/>
        <line num="644" type="method" name="upperCaseFirst" visibility="public" complexity="1" crap="1" count="37"/>
        <line num="646" type="stmt" count="37"/>
        <line num="648" type="stmt" count="37"/>
        <line num="659" type="method" name="upperCaseWords" visibility="public" complexity="4" crap="4" count="7"/>
        <line num="661" type="stmt" count="7"/>
        <line num="663" type="stmt" count="7"/>
        <line num="665" type="stmt" count="7"/>
        <line num="666" type="stmt" count="7"/>
        <line num="668" type="stmt" count="7"/>
        <line num="669" type="stmt" count="7"/>
        <line num="671" type="stmt" count="7"/>
        <line num="672" type="stmt" count="7"/>
        <line num="673" type="stmt" count="5"/>
        <line num="676" type="stmt" count="7"/>
        <line num="679" type="stmt" count="7"/>
        <line num="689" type="method" name="titleCase" visibility="public" complexity="5" crap="5" count="37"/>
        <line num="691" type="stmt" count="37"/>
        <line num="693" type="stmt" count="37"/>
        <line num="714" type="stmt" count="37"/>
        <line num="717" type="stmt" count="37"/>
        <line num="719" type="stmt" count="37"/>
        <line num="721" type="stmt" count="37"/>
        <line num="723" type="stmt" count="37"/>
        <line num="724" type="stmt" count="3"/>
        <line num="728" type="stmt" count="37"/>
        <line num="731" type="stmt" count="37"/>
        <line num="733" type="stmt" count="37"/>
        <line num="735" type="stmt" count="37"/>
        <line num="737" type="stmt" count="37"/>
        <line num="740" type="method" name="anonymousFunction:740#3115" complexity="4" crap="4" count="37"/>
        <line num="742" type="stmt" count="37"/>
        <line num="743" type="stmt" count="37"/>
        <line num="745" type="stmt" count="5"/>
        <line num="746" type="stmt" count="37"/>
        <line num="748" type="stmt" count="28"/>
        <line num="749" type="stmt" count="37"/>
        <line num="751" type="stmt" count="36"/>
        <line num="754" type="stmt" count="7"/>
        <line num="757" type="stmt" count="37"/>
        <line num="759" type="stmt" count="37"/>
        <line num="760" type="stmt" count="37"/>
        <line num="761" type="stmt" count="37"/>
        <line num="765" type="stmt" count="37"/>
        <line num="769" type="stmt" count="37"/>
        <line num="771" type="method" name="anonymousFunction:771#3291" complexity="1" crap="1" count="37"/>
        <line num="772" type="stmt" count="11"/>
        <line num="773" type="stmt" count="37"/>
        <line num="774" type="stmt" count="37"/>
        <line num="778" type="stmt" count="37"/>
        <line num="779" type="stmt" count="37"/>
        <line num="783" type="method" name="anonymousFunction:783#3351" complexity="1" crap="1" count="37"/>
        <line num="784" type="stmt" count="3"/>
        <line num="785" type="stmt" count="37"/>
        <line num="786" type="stmt" count="37"/>
        <line num="791" type="stmt" count="37"/>
        <line num="794" type="stmt" count="37"/>
        <line num="797" type="method" name="anonymousFunction:797#3406" complexity="1" crap="1" count="37"/>
        <line num="798" type="stmt" count="1"/>
        <line num="799" type="stmt" count="37"/>
        <line num="800" type="stmt" count="37"/>
        <line num="804" type="stmt" count="37"/>
        <line num="808" type="stmt" count="37"/>
        <line num="811" type="method" name="anonymousFunction:811#3459" complexity="1" crap="1" count="37"/>
        <line num="812" type="stmt" count="1"/>
        <line num="813" type="stmt" count="37"/>
        <line num="814" type="stmt" count="37"/>
        <line num="817" type="stmt" count="37"/>
        <line num="826" type="method" name="camelCase" visibility="public" complexity="1" crap="1" count="1"/>
        <line num="828" type="stmt" count="1"/>
        <line num="837" type="method" name="studlyCase" visibility="public" complexity="1" crap="1" count="4"/>
        <line num="839" type="stmt" count="4"/>
        <line num="840" type="stmt" count="4"/>
        <line num="841" type="stmt" count="4"/>
        <line num="842" type="stmt" count="4"/>
        <line num="853" type="method" name="snakeCase" visibility="public" complexity="1" crap="1" count="2"/>
        <line num="855" type="stmt" count="2"/>
        <line num="857" type="stmt" count="2"/>
        <line num="859" type="stmt" count="2"/>
        <line num="868" type="method" name="kebabCase" visibility="public" complexity="1" crap="1" count="1"/>
        <line num="870" type="stmt" count="1"/>
        <line num="884" type="method" name="ascii" visibility="public" complexity="5" crap="5" count="2"/>
        <line num="886" type="stmt" count="2"/>
        <line num="888" type="stmt" count="2"/>
        <line num="890" type="stmt" count="2"/>
        <line num="891" type="stmt" count="1"/>
        <line num="892" type="stmt" count="1"/>
        <line num="896" type="stmt" count="2"/>
        <line num="897" type="stmt" count="2"/>
        <line num="898" type="stmt" count="2"/>
        <line num="902" type="stmt" count="2"/>
        <line num="904" type="stmt" count="2"/>
        <line num="915" type="method" name="getInflector" visibility="protected" complexity="3" crap="3.21" count="2"/>
        <line num="917" type="stmt" count="2"/>
        <line num="919" type="stmt" count="2"/>
        <line num="920" type="stmt" count="0"/>
        <line num="923" type="stmt" count="2"/>
        <line num="925" type="stmt" count="2"/>
        <line num="926" type="stmt" count="0"/>
        <line num="929" type="stmt" count="2"/>
        <line num="941" type="method" name="charsArray" visibility="protected" complexity="2" crap="2" count="2"/>
        <line num="943" type="stmt" count="2"/>
        <line num="945" type="stmt" count="2"/>
        <line num="946" type="stmt" count="1"/>
        <line num="951" type="stmt" count="1"/>
        <line num="1079" type="method" name="languageSpecificCharsArray" visibility="protected" complexity="2" crap="2" count="2"/>
        <line num="1081" type="stmt" count="2"/>
        <line num="1083" type="stmt" count="2"/>
        <line num="1085" type="stmt" count="1"/>
        <line num="1106" type="stmt" count="2"/>
        <metrics loc="1108" ncloc="694" classes="1" methods="54" coveredmethods="53" conditionals="0" coveredconditionals="0" statements="212" coveredstatements="210" elements="266" coveredelements="263"/>
      </file>
    </package>
    <metrics files="1" loc="1108" ncloc="694" classes="1" methods="54" coveredmethods="53" conditionals="0" coveredconditionals="0" statements="212" coveredstatements="210" elements="266" coveredelements="263"/>
  </project>
</coverage>
