<?xml version="1.0" encoding="UTF-8"?>
<coverage generated="1533791157">
  <project timestamp="1533791157">
    <package name="Placemat\Editor">
      <file name="/Users/caleb/Code/packages/editor/src/Editor.php">
        <class name="Placemat\Editor\Editor" namespace="Placemat\Editor">
          <metrics complexity="94" methods="54" coveredmethods="36" conditionals="0" coveredconditionals="0" statements="197" coveredstatements="168" elements="251" coveredelements="204"/>
        </class>
        <line num="26" type="method" name="__construct" visibility="public" complexity="1" crap="1" count="73"/>
        <line num="28" type="stmt" count="73"/>
        <line num="29" type="stmt" count="73"/>
        <line num="30" type="stmt" count="73"/>
        <line num="40" type="method" name="create" visibility="public" complexity="1" crap="1" count="73"/>
        <line num="42" type="stmt" count="73"/>
        <line num="50" type="method" name="getEncoding" visibility="public" complexity="1" crap="2.00" count="0"/>
        <line num="52" type="stmt" count="0"/>
        <line num="60" type="method" name="setEncoding" visibility="public" complexity="1" crap="2.00" count="0"/>
        <line num="62" type="stmt" count="0"/>
        <line num="64" type="stmt" count="0"/>
        <line num="70" type="method" name="__toString" visibility="public" complexity="1" crap="1" count="52"/>
        <line num="72" type="stmt" count="52"/>
        <line num="78" type="method" name="str" visibility="public" complexity="1" crap="1" count="67"/>
        <line num="80" type="stmt" count="67"/>
        <line num="94" type="method" name="after" visibility="public" complexity="2" crap="2.06" count="1"/>
        <line num="96" type="stmt" count="1"/>
        <line num="97" type="stmt" count="0"/>
        <line num="100" type="stmt" count="1"/>
        <line num="102" type="stmt" count="1"/>
        <line num="112" type="method" name="before" visibility="public" complexity="2" crap="2.06" count="1"/>
        <line num="114" type="stmt" count="1"/>
        <line num="115" type="stmt" count="0"/>
        <line num="118" type="stmt" count="1"/>
        <line num="120" type="stmt" count="1"/>
        <line num="130" type="method" name="startWith" visibility="public" complexity="1" crap="1" count="1"/>
        <line num="132" type="stmt" count="1"/>
        <line num="134" type="stmt" count="1"/>
        <line num="136" type="stmt" count="1"/>
        <line num="146" type="method" name="finishWith" visibility="public" complexity="1" crap="1" count="1"/>
        <line num="148" type="stmt" count="1"/>
        <line num="150" type="stmt" count="1"/>
        <line num="152" type="stmt" count="1"/>
        <line num="163" type="method" name="limitCharacters" visibility="public" complexity="2" crap="2.03" count="1"/>
        <line num="165" type="stmt" count="1"/>
        <line num="166" type="stmt" count="0"/>
        <line num="170" type="stmt" count="1"/>
        <line num="172" type="stmt" count="1"/>
        <line num="174" type="stmt" count="1"/>
        <line num="185" type="method" name="limitWords" visibility="public" complexity="3" crap="3.04" count="1"/>
        <line num="187" type="stmt" count="1"/>
        <line num="189" type="stmt" count="1"/>
        <line num="191" type="stmt" count="1"/>
        <line num="192" type="stmt" count="0"/>
        <line num="195" type="stmt" count="1"/>
        <line num="197" type="stmt" count="1"/>
        <line num="209" type="method" name="plural" visibility="public" complexity="2" crap="6.00" count="0"/>
        <line num="211" type="stmt" count="0"/>
        <line num="212" type="stmt" count="0"/>
        <line num="215" type="stmt" count="0"/>
        <line num="226" type="method" name="singular" visibility="public" complexity="1" crap="2.00" count="0"/>
        <line num="228" type="stmt" count="0"/>
        <line num="240" type="method" name="replace" visibility="public" complexity="1" crap="1" count="6"/>
        <line num="242" type="stmt" count="6"/>
        <line num="244" type="stmt" count="6"/>
        <line num="255" type="method" name="replaceFirst" visibility="public" complexity="3" crap="3.07" count="2"/>
        <line num="257" type="stmt" count="2"/>
        <line num="259" type="stmt" count="2"/>
        <line num="260" type="stmt" count="0"/>
        <line num="263" type="stmt" count="2"/>
        <line num="265" type="stmt" count="2"/>
        <line num="276" type="method" name="replaceLast" visibility="public" complexity="3" crap="3.07" count="2"/>
        <line num="278" type="stmt" count="2"/>
        <line num="280" type="stmt" count="2"/>
        <line num="281" type="stmt" count="0"/>
        <line num="284" type="stmt" count="2"/>
        <line num="286" type="stmt" count="2"/>
        <line num="298" type="method" name="replaceSub" visibility="public" complexity="2" crap="2.01" count="5"/>
        <line num="300" type="stmt" count="5"/>
        <line num="302" type="stmt" count="5"/>
        <line num="304" type="stmt" count="5"/>
        <line num="305" type="stmt" count="0"/>
        <line num="308" type="stmt" count="5"/>
        <line num="310" type="stmt" count="5"/>
        <line num="312" type="stmt" count="5"/>
        <line num="323" type="method" name="remove" visibility="public" complexity="1" crap="1" count="3"/>
        <line num="325" type="stmt" count="3"/>
        <line num="335" type="method" name="removeFirst" visibility="public" complexity="1" crap="1" count="1"/>
        <line num="337" type="stmt" count="1"/>
        <line num="347" type="method" name="removeLast" visibility="public" complexity="1" crap="1" count="1"/>
        <line num="349" type="stmt" count="1"/>
        <line num="360" type="method" name="slug" visibility="public" complexity="2" crap="2" count="1"/>
        <line num="362" type="stmt" count="1"/>
        <line num="365" type="stmt" count="1"/>
        <line num="367" type="stmt" count="1"/>
        <line num="370" type="stmt" count="1"/>
        <line num="373" type="stmt" count="1"/>
        <line num="376" type="stmt" count="1"/>
        <line num="379" type="stmt" count="1"/>
        <line num="381" type="stmt" count="1"/>
        <line num="392" type="method" name="chunk" visibility="public" complexity="4" crap="4.43" count="2"/>
        <line num="394" type="stmt" count="2"/>
        <line num="395" type="stmt" count="0"/>
        <line num="396" type="stmt" count="0"/>
        <line num="400" type="stmt" count="2"/>
        <line num="402" type="stmt" count="2"/>
        <line num="404" type="stmt" count="2"/>
        <line num="405" type="stmt" count="2"/>
        <line num="408" type="stmt" count="2"/>
        <line num="409" type="stmt" count="0"/>
        <line num="412" type="stmt" count="2"/>
        <line num="422" type="method" name="splitWords" visibility="public" complexity="1" crap="1" count="3"/>
        <line num="424" type="stmt" count="3"/>
        <line num="426" type="method" name="anonymousFunction:426#1811" complexity="1" crap="1" count="3"/>
        <line num="427" type="stmt" count="3"/>
        <line num="428" type="stmt" count="3"/>
        <line num="436" type="method" name="firstWord" visibility="public" complexity="1" crap="1" count="1"/>
        <line num="438" type="stmt" count="1"/>
        <line num="446" type="method" name="lastWord" visibility="public" complexity="1" crap="1" count="1"/>
        <line num="448" type="stmt" count="1"/>
        <line num="450" type="stmt" count="1"/>
        <line num="461" type="method" name="slice" visibility="public" complexity="1" crap="1" count="44"/>
        <line num="463" type="stmt" count="44"/>
        <line num="465" type="stmt" count="44"/>
        <line num="475" type="method" name="trim" visibility="public" complexity="1" crap="1" count="37"/>
        <line num="477" type="stmt" count="37"/>
        <line num="479" type="stmt" count="37"/>
        <line num="493" type="method" name="contains" visibility="public" complexity="2" crap="2" count="1"/>
        <line num="495" type="stmt" count="1"/>
        <line num="505" type="method" name="startsWith" visibility="public" complexity="2" crap="2" count="1"/>
        <line num="507" type="stmt" count="1"/>
        <line num="509" type="stmt" count="1"/>
        <line num="519" type="method" name="endsWith" visibility="public" complexity="2" crap="2" count="1"/>
        <line num="521" type="stmt" count="1"/>
        <line num="523" type="stmt" count="1"/>
        <line num="533" type="method" name="matches" visibility="public" complexity="2" crap="2.03" count="1"/>
        <line num="538" type="stmt" count="1"/>
        <line num="539" type="stmt" count="0"/>
        <line num="542" type="stmt" count="1"/>
        <line num="547" type="stmt" count="1"/>
        <line num="549" type="stmt" count="1"/>
        <line num="557" type="method" name="length" visibility="public" complexity="1" crap="1" count="15"/>
        <line num="559" type="stmt" count="15"/>
        <line num="571" type="method" name="lowerCase" visibility="public" complexity="1" crap="1" count="34"/>
        <line num="573" type="stmt" count="34"/>
        <line num="575" type="stmt" count="34"/>
        <line num="583" type="method" name="lowerCaseFirst" visibility="public" complexity="1" crap="1" count="2"/>
        <line num="585" type="stmt" count="2"/>
        <line num="587" type="stmt" count="2"/>
        <line num="598" type="method" name="lowerCaseWords" visibility="public" complexity="4" crap="4" count="1"/>
        <line num="600" type="stmt" count="1"/>
        <line num="602" type="stmt" count="1"/>
        <line num="604" type="stmt" count="1"/>
        <line num="606" type="stmt" count="1"/>
        <line num="607" type="stmt" count="1"/>
        <line num="609" type="stmt" count="1"/>
        <line num="610" type="stmt" count="1"/>
        <line num="612" type="stmt" count="1"/>
        <line num="613" type="stmt" count="1"/>
        <line num="614" type="stmt" count="1"/>
        <line num="617" type="stmt" count="1"/>
        <line num="620" type="stmt" count="1"/>
        <line num="628" type="method" name="upperCase" visibility="public" complexity="1" crap="1" count="36"/>
        <line num="630" type="stmt" count="36"/>
        <line num="632" type="stmt" count="36"/>
        <line num="640" type="method" name="upperCaseFirst" visibility="public" complexity="1" crap="1" count="35"/>
        <line num="642" type="stmt" count="35"/>
        <line num="644" type="stmt" count="35"/>
        <line num="655" type="method" name="upperCaseWords" visibility="public" complexity="4" crap="4" count="5"/>
        <line num="657" type="stmt" count="5"/>
        <line num="659" type="stmt" count="5"/>
        <line num="661" type="stmt" count="5"/>
        <line num="662" type="stmt" count="5"/>
        <line num="664" type="stmt" count="5"/>
        <line num="665" type="stmt" count="5"/>
        <line num="667" type="stmt" count="5"/>
        <line num="668" type="stmt" count="5"/>
        <line num="669" type="stmt" count="5"/>
        <line num="672" type="stmt" count="5"/>
        <line num="675" type="stmt" count="5"/>
        <line num="685" type="method" name="titleCase" visibility="public" complexity="5" crap="5" count="35"/>
        <line num="687" type="stmt" count="35"/>
        <line num="689" type="stmt" count="35"/>
        <line num="710" type="stmt" count="35"/>
        <line num="713" type="stmt" count="35"/>
        <line num="715" type="stmt" count="35"/>
        <line num="717" type="stmt" count="35"/>
        <line num="719" type="stmt" count="35"/>
        <line num="720" type="stmt" count="3"/>
        <line num="724" type="stmt" count="35"/>
        <line num="727" type="stmt" count="35"/>
        <line num="729" type="stmt" count="35"/>
        <line num="731" type="stmt" count="35"/>
        <line num="733" type="stmt" count="35"/>
        <line num="736" type="method" name="anonymousFunction:736#3104" complexity="4" crap="4" count="35"/>
        <line num="738" type="stmt" count="35"/>
        <line num="739" type="stmt" count="35"/>
        <line num="741" type="stmt" count="5"/>
        <line num="742" type="stmt" count="35"/>
        <line num="744" type="stmt" count="26"/>
        <line num="745" type="stmt" count="35"/>
        <line num="747" type="stmt" count="34"/>
        <line num="750" type="stmt" count="7"/>
        <line num="753" type="stmt" count="35"/>
        <line num="755" type="stmt" count="35"/>
        <line num="756" type="stmt" count="35"/>
        <line num="757" type="stmt" count="35"/>
        <line num="761" type="stmt" count="35"/>
        <line num="765" type="stmt" count="35"/>
        <line num="767" type="method" name="anonymousFunction:767#3280" complexity="1" crap="1" count="35"/>
        <line num="768" type="stmt" count="11"/>
        <line num="769" type="stmt" count="35"/>
        <line num="770" type="stmt" count="35"/>
        <line num="774" type="stmt" count="35"/>
        <line num="775" type="stmt" count="35"/>
        <line num="779" type="method" name="anonymousFunction:779#3340" complexity="1" crap="1" count="35"/>
        <line num="780" type="stmt" count="3"/>
        <line num="781" type="stmt" count="35"/>
        <line num="782" type="stmt" count="35"/>
        <line num="787" type="stmt" count="35"/>
        <line num="790" type="stmt" count="35"/>
        <line num="793" type="method" name="anonymousFunction:793#3395" complexity="1" crap="1.12" count="35"/>
        <line num="794" type="stmt" count="0"/>
        <line num="795" type="stmt" count="35"/>
        <line num="796" type="stmt" count="35"/>
        <line num="800" type="stmt" count="35"/>
        <line num="804" type="stmt" count="35"/>
        <line num="807" type="method" name="anonymousFunction:807#3448" complexity="1" crap="1.12" count="35"/>
        <line num="808" type="stmt" count="0"/>
        <line num="809" type="stmt" count="35"/>
        <line num="810" type="stmt" count="35"/>
        <line num="813" type="stmt" count="35"/>
        <line num="822" type="method" name="camelCase" visibility="public" complexity="1" crap="1" count="1"/>
        <line num="824" type="stmt" count="1"/>
        <line num="833" type="method" name="studlyCase" visibility="public" complexity="1" crap="1" count="2"/>
        <line num="835" type="stmt" count="2"/>
        <line num="836" type="stmt" count="2"/>
        <line num="837" type="stmt" count="2"/>
        <line num="838" type="stmt" count="2"/>
        <line num="849" type="method" name="snakeCase" visibility="public" complexity="2" crap="2.03" count="2"/>
        <line num="851" type="stmt" count="2"/>
        <line num="852" type="stmt" count="0"/>
        <line num="855" type="stmt" count="2"/>
        <line num="857" type="stmt" count="2"/>
        <line num="859" type="stmt" count="2"/>
        <line num="868" type="method" name="kebabCase" visibility="public" complexity="1" crap="1" count="1"/>
        <line num="870" type="stmt" count="1"/>
        <line num="884" type="method" name="ascii" visibility="public" complexity="4" crap="4.02" count="2"/>
        <line num="886" type="stmt" count="2"/>
        <line num="888" type="stmt" count="2"/>
        <line num="890" type="stmt" count="2"/>
        <line num="891" type="stmt" count="0"/>
        <line num="894" type="stmt" count="2"/>
        <line num="895" type="stmt" count="2"/>
        <line num="896" type="stmt" count="2"/>
        <line num="900" type="stmt" count="2"/>
        <line num="902" type="stmt" count="2"/>
        <line num="913" type="method" name="getInflector" visibility="protected" complexity="3" crap="12.00" count="0"/>
        <line num="915" type="stmt" count="0"/>
        <line num="917" type="stmt" count="0"/>
        <line num="918" type="stmt" count="0"/>
        <line num="921" type="stmt" count="0"/>
        <line num="923" type="stmt" count="0"/>
        <line num="924" type="stmt" count="0"/>
        <line num="927" type="stmt" count="0"/>
        <line num="939" type="method" name="charsArray" visibility="protected" complexity="2" crap="2" count="2"/>
        <line num="941" type="stmt" count="2"/>
        <line num="943" type="stmt" count="2"/>
        <line num="944" type="stmt" count="1"/>
        <line num="949" type="stmt" count="1"/>
        <line num="1077" type="method" name="languageSpecificCharsArray" visibility="protected" complexity="2" crap="2" count="2"/>
        <line num="1079" type="stmt" count="2"/>
        <line num="1081" type="stmt" count="2"/>
        <line num="1083" type="stmt" count="1"/>
        <line num="1094" type="stmt" count="2"/>
        <metrics loc="1096" ncloc="682" classes="1" methods="54" coveredmethods="36" conditionals="0" coveredconditionals="0" statements="211" coveredstatements="182" elements="265" coveredelements="218"/>
      </file>
    </package>
    <package name="Placemat\Editor\Inflectors">
      <file name="/Users/caleb/Code/packages/editor/src/Inflectors/En.php">
        <class name="Placemat\Editor\Inflectors\En" namespace="Placemat\Editor\Inflectors">
          <metrics complexity="4" methods="4" coveredmethods="0" conditionals="0" coveredconditionals="0" statements="131" coveredstatements="0" elements="135" coveredelements="0"/>
        </class>
        <line num="15" type="method" name="pluralRules" visibility="public" complexity="1" crap="2.00" count="0"/>
        <line num="16" type="stmt" count="0"/>
        <line num="17" type="stmt" count="0"/>
        <line num="18" type="stmt" count="0"/>
        <line num="19" type="stmt" count="0"/>
        <line num="20" type="stmt" count="0"/>
        <line num="21" type="stmt" count="0"/>
        <line num="22" type="stmt" count="0"/>
        <line num="23" type="stmt" count="0"/>
        <line num="24" type="stmt" count="0"/>
        <line num="25" type="stmt" count="0"/>
        <line num="26" type="stmt" count="0"/>
        <line num="27" type="stmt" count="0"/>
        <line num="28" type="stmt" count="0"/>
        <line num="29" type="stmt" count="0"/>
        <line num="30" type="stmt" count="0"/>
        <line num="31" type="stmt" count="0"/>
        <line num="32" type="stmt" count="0"/>
        <line num="33" type="stmt" count="0"/>
        <line num="34" type="stmt" count="0"/>
        <line num="35" type="stmt" count="0"/>
        <line num="36" type="stmt" count="0"/>
        <line num="37" type="stmt" count="0"/>
        <line num="38" type="stmt" count="0"/>
        <line num="46" type="method" name="singularRules" visibility="public" complexity="1" crap="2.00" count="0"/>
        <line num="47" type="stmt" count="0"/>
        <line num="48" type="stmt" count="0"/>
        <line num="49" type="stmt" count="0"/>
        <line num="50" type="stmt" count="0"/>
        <line num="51" type="stmt" count="0"/>
        <line num="52" type="stmt" count="0"/>
        <line num="53" type="stmt" count="0"/>
        <line num="54" type="stmt" count="0"/>
        <line num="55" type="stmt" count="0"/>
        <line num="56" type="stmt" count="0"/>
        <line num="57" type="stmt" count="0"/>
        <line num="58" type="stmt" count="0"/>
        <line num="59" type="stmt" count="0"/>
        <line num="60" type="stmt" count="0"/>
        <line num="61" type="stmt" count="0"/>
        <line num="62" type="stmt" count="0"/>
        <line num="63" type="stmt" count="0"/>
        <line num="64" type="stmt" count="0"/>
        <line num="65" type="stmt" count="0"/>
        <line num="66" type="stmt" count="0"/>
        <line num="67" type="stmt" count="0"/>
        <line num="68" type="stmt" count="0"/>
        <line num="69" type="stmt" count="0"/>
        <line num="70" type="stmt" count="0"/>
        <line num="71" type="stmt" count="0"/>
        <line num="72" type="stmt" count="0"/>
        <line num="73" type="stmt" count="0"/>
        <line num="74" type="stmt" count="0"/>
        <line num="75" type="stmt" count="0"/>
        <line num="76" type="stmt" count="0"/>
        <line num="83" type="method" name="irregularRules" visibility="public" complexity="1" crap="2.00" count="0"/>
        <line num="84" type="stmt" count="0"/>
        <line num="85" type="stmt" count="0"/>
        <line num="86" type="stmt" count="0"/>
        <line num="87" type="stmt" count="0"/>
        <line num="88" type="stmt" count="0"/>
        <line num="89" type="stmt" count="0"/>
        <line num="90" type="stmt" count="0"/>
        <line num="91" type="stmt" count="0"/>
        <line num="92" type="stmt" count="0"/>
        <line num="93" type="stmt" count="0"/>
        <line num="94" type="stmt" count="0"/>
        <line num="95" type="stmt" count="0"/>
        <line num="96" type="stmt" count="0"/>
        <line num="97" type="stmt" count="0"/>
        <line num="98" type="stmt" count="0"/>
        <line num="99" type="stmt" count="0"/>
        <line num="106" type="method" name="uncountableRules" visibility="public" complexity="1" crap="2.00" count="0"/>
        <line num="107" type="stmt" count="0"/>
        <line num="108" type="stmt" count="0"/>
        <line num="109" type="stmt" count="0"/>
        <line num="110" type="stmt" count="0"/>
        <line num="111" type="stmt" count="0"/>
        <line num="112" type="stmt" count="0"/>
        <line num="113" type="stmt" count="0"/>
        <line num="114" type="stmt" count="0"/>
        <line num="115" type="stmt" count="0"/>
        <line num="116" type="stmt" count="0"/>
        <line num="117" type="stmt" count="0"/>
        <line num="118" type="stmt" count="0"/>
        <line num="119" type="stmt" count="0"/>
        <line num="120" type="stmt" count="0"/>
        <line num="121" type="stmt" count="0"/>
        <line num="122" type="stmt" count="0"/>
        <line num="123" type="stmt" count="0"/>
        <line num="124" type="stmt" count="0"/>
        <line num="125" type="stmt" count="0"/>
        <line num="126" type="stmt" count="0"/>
        <line num="127" type="stmt" count="0"/>
        <line num="128" type="stmt" count="0"/>
        <line num="129" type="stmt" count="0"/>
        <line num="130" type="stmt" count="0"/>
        <line num="131" type="stmt" count="0"/>
        <line num="132" type="stmt" count="0"/>
        <line num="133" type="stmt" count="0"/>
        <line num="134" type="stmt" count="0"/>
        <line num="135" type="stmt" count="0"/>
        <line num="136" type="stmt" count="0"/>
        <line num="137" type="stmt" count="0"/>
        <line num="138" type="stmt" count="0"/>
        <line num="139" type="stmt" count="0"/>
        <line num="140" type="stmt" count="0"/>
        <line num="141" type="stmt" count="0"/>
        <line num="142" type="stmt" count="0"/>
        <line num="143" type="stmt" count="0"/>
        <line num="144" type="stmt" count="0"/>
        <line num="145" type="stmt" count="0"/>
        <line num="146" type="stmt" count="0"/>
        <line num="147" type="stmt" count="0"/>
        <line num="148" type="stmt" count="0"/>
        <line num="149" type="stmt" count="0"/>
        <line num="150" type="stmt" count="0"/>
        <line num="151" type="stmt" count="0"/>
        <line num="152" type="stmt" count="0"/>
        <line num="153" type="stmt" count="0"/>
        <line num="154" type="stmt" count="0"/>
        <line num="155" type="stmt" count="0"/>
        <line num="156" type="stmt" count="0"/>
        <line num="157" type="stmt" count="0"/>
        <line num="158" type="stmt" count="0"/>
        <line num="159" type="stmt" count="0"/>
        <line num="160" type="stmt" count="0"/>
        <line num="161" type="stmt" count="0"/>
        <line num="162" type="stmt" count="0"/>
        <line num="163" type="stmt" count="0"/>
        <line num="164" type="stmt" count="0"/>
        <line num="165" type="stmt" count="0"/>
        <line num="166" type="stmt" count="0"/>
        <line num="167" type="stmt" count="0"/>
        <line num="168" type="stmt" count="0"/>
        <metrics loc="169" ncloc="145" classes="1" methods="4" coveredmethods="0" conditionals="0" coveredconditionals="0" statements="131" coveredstatements="0" elements="135" coveredelements="0"/>
      </file>
      <file name="/Users/caleb/Code/packages/editor/src/Inflectors/Es.php">
        <class name="Placemat\Editor\Inflectors\Es" namespace="Placemat\Editor\Inflectors">
          <metrics complexity="4" methods="4" coveredmethods="0" conditionals="0" coveredconditionals="0" statements="37" coveredstatements="0" elements="41" coveredelements="0"/>
        </class>
        <line num="15" type="method" name="pluralRules" visibility="public" complexity="1" crap="2.00" count="0"/>
        <line num="16" type="stmt" count="0"/>
        <line num="17" type="stmt" count="0"/>
        <line num="18" type="stmt" count="0"/>
        <line num="19" type="stmt" count="0"/>
        <line num="20" type="stmt" count="0"/>
        <line num="21" type="stmt" count="0"/>
        <line num="22" type="stmt" count="0"/>
        <line num="23" type="stmt" count="0"/>
        <line num="24" type="stmt" count="0"/>
        <line num="25" type="stmt" count="0"/>
        <line num="26" type="stmt" count="0"/>
        <line num="27" type="stmt" count="0"/>
        <line num="28" type="stmt" count="0"/>
        <line num="36" type="method" name="singularRules" visibility="public" complexity="1" crap="2.00" count="0"/>
        <line num="37" type="stmt" count="0"/>
        <line num="38" type="stmt" count="0"/>
        <line num="39" type="stmt" count="0"/>
        <line num="40" type="stmt" count="0"/>
        <line num="41" type="stmt" count="0"/>
        <line num="42" type="stmt" count="0"/>
        <line num="43" type="stmt" count="0"/>
        <line num="44" type="stmt" count="0"/>
        <line num="45" type="stmt" count="0"/>
        <line num="52" type="method" name="irregularRules" visibility="public" complexity="1" crap="2.00" count="0"/>
        <line num="53" type="stmt" count="0"/>
        <line num="54" type="stmt" count="0"/>
        <line num="55" type="stmt" count="0"/>
        <line num="56" type="stmt" count="0"/>
        <line num="57" type="stmt" count="0"/>
        <line num="58" type="stmt" count="0"/>
        <line num="59" type="stmt" count="0"/>
        <line num="60" type="stmt" count="0"/>
        <line num="61" type="stmt" count="0"/>
        <line num="63" type="stmt" count="0"/>
        <line num="64" type="stmt" count="0"/>
        <line num="65" type="stmt" count="0"/>
        <line num="72" type="method" name="uncountableRules" visibility="public" complexity="1" crap="2.00" count="0"/>
        <line num="73" type="stmt" count="0"/>
        <line num="74" type="stmt" count="0"/>
        <line num="75" type="stmt" count="0"/>
        <metrics loc="76" ncloc="50" classes="1" methods="4" coveredmethods="0" conditionals="0" coveredconditionals="0" statements="37" coveredstatements="0" elements="41" coveredelements="0"/>
      </file>
      <file name="/Users/caleb/Code/packages/editor/src/Inflectors/Fr.php">
        <class name="Placemat\Editor\Inflectors\Fr" namespace="Placemat\Editor\Inflectors">
          <metrics complexity="4" methods="4" coveredmethods="0" conditionals="0" coveredconditionals="0" statements="30" coveredstatements="0" elements="34" coveredelements="0"/>
        </class>
        <line num="15" type="method" name="pluralRules" visibility="public" complexity="1" crap="2.00" count="0"/>
        <line num="16" type="stmt" count="0"/>
        <line num="17" type="stmt" count="0"/>
        <line num="18" type="stmt" count="0"/>
        <line num="19" type="stmt" count="0"/>
        <line num="20" type="stmt" count="0"/>
        <line num="21" type="stmt" count="0"/>
        <line num="22" type="stmt" count="0"/>
        <line num="23" type="stmt" count="0"/>
        <line num="24" type="stmt" count="0"/>
        <line num="25" type="stmt" count="0"/>
        <line num="26" type="stmt" count="0"/>
        <line num="34" type="method" name="singularRules" visibility="public" complexity="1" crap="2.00" count="0"/>
        <line num="35" type="stmt" count="0"/>
        <line num="36" type="stmt" count="0"/>
        <line num="37" type="stmt" count="0"/>
        <line num="38" type="stmt" count="0"/>
        <line num="39" type="stmt" count="0"/>
        <line num="40" type="stmt" count="0"/>
        <line num="41" type="stmt" count="0"/>
        <line num="42" type="stmt" count="0"/>
        <line num="43" type="stmt" count="0"/>
        <line num="50" type="method" name="irregularRules" visibility="public" complexity="1" crap="2.00" count="0"/>
        <line num="51" type="stmt" count="0"/>
        <line num="52" type="stmt" count="0"/>
        <line num="53" type="stmt" count="0"/>
        <line num="54" type="stmt" count="0"/>
        <line num="55" type="stmt" count="0"/>
        <line num="56" type="stmt" count="0"/>
        <line num="57" type="stmt" count="0"/>
        <line num="64" type="method" name="uncountableRules" visibility="public" complexity="1" crap="2.00" count="0"/>
        <line num="65" type="stmt" count="0"/>
        <line num="66" type="stmt" count="0"/>
        <line num="67" type="stmt" count="0"/>
        <metrics loc="68" ncloc="44" classes="1" methods="4" coveredmethods="0" conditionals="0" coveredconditionals="0" statements="30" coveredstatements="0" elements="34" coveredelements="0"/>
      </file>
      <file name="/Users/caleb/Code/packages/editor/src/Inflectors/Inflector.php">
        <class name="Placemat\Editor\Inflectors\Inflector" namespace="Placemat\Editor\Inflectors">
          <metrics complexity="23" methods="14" coveredmethods="0" conditionals="0" coveredconditionals="0" statements="56" coveredstatements="0" elements="70" coveredelements="0"/>
        </class>
        <line num="76" type="method" name="__construct" visibility="public" complexity="1" crap="2.00" count="0"/>
        <line num="77" type="stmt" count="0"/>
        <line num="78" type="stmt" count="0"/>
        <line num="79" type="stmt" count="0"/>
        <line num="84" type="method" name="isCountable" visibility="public" complexity="1" crap="2.00" count="0"/>
        <line num="85" type="stmt" count="0"/>
        <line num="86" type="stmt" count="0"/>
        <line num="87" type="stmt" count="0"/>
        <line num="92" type="method" name="isUncountable" visibility="public" complexity="1" crap="2.00" count="0"/>
        <line num="93" type="stmt" count="0"/>
        <line num="94" type="stmt" count="0"/>
        <line num="95" type="stmt" count="0"/>
        <line num="100" type="method" name="pluralize" visibility="public" complexity="1" crap="2.00" count="0"/>
        <line num="101" type="stmt" count="0"/>
        <line num="102" type="stmt" count="0"/>
        <line num="103" type="stmt" count="0"/>
        <line num="108" type="method" name="singularize" visibility="public" complexity="1" crap="2.00" count="0"/>
        <line num="109" type="stmt" count="0"/>
        <line num="110" type="stmt" count="0"/>
        <line num="111" type="stmt" count="0"/>
        <line num="120" type="method" name="inflect" visibility="protected" complexity="6" crap="42.00" count="0"/>
        <line num="121" type="stmt" count="0"/>
        <line num="122" type="stmt" count="0"/>
        <line num="123" type="stmt" count="0"/>
        <line num="124" type="stmt" count="0"/>
        <line num="126" type="stmt" count="0"/>
        <line num="127" type="stmt" count="0"/>
        <line num="128" type="stmt" count="0"/>
        <line num="130" type="stmt" count="0"/>
        <line num="131" type="stmt" count="0"/>
        <line num="132" type="stmt" count="0"/>
        <line num="134" type="stmt" count="0"/>
        <line num="135" type="stmt" count="0"/>
        <line num="136" type="stmt" count="0"/>
        <line num="137" type="stmt" count="0"/>
        <line num="138" type="stmt" count="0"/>
        <line num="140" type="stmt" count="0"/>
        <line num="141" type="stmt" count="0"/>
        <line num="149" type="method" name="getPluralRules" visibility="public" complexity="1" crap="2.00" count="0"/>
        <line num="150" type="stmt" count="0"/>
        <line num="151" type="stmt" count="0"/>
        <line num="152" type="stmt" count="0"/>
        <line num="161" type="method" name="getSingularRules" visibility="public" complexity="1" crap="2.00" count="0"/>
        <line num="162" type="stmt" count="0"/>
        <line num="163" type="stmt" count="0"/>
        <line num="164" type="stmt" count="0"/>
        <line num="172" type="method" name="getIrregularRules" visibility="public" complexity="1" crap="2.00" count="0"/>
        <line num="173" type="stmt" count="0"/>
        <line num="174" type="stmt" count="0"/>
        <line num="175" type="stmt" count="0"/>
        <line num="183" type="method" name="getUncountableRules" visibility="public" complexity="1" crap="2.00" count="0"/>
        <line num="184" type="stmt" count="0"/>
        <line num="185" type="stmt" count="0"/>
        <line num="186" type="stmt" count="0"/>
        <line num="195" type="method" name="addPluralRules" visibility="public" complexity="1" crap="2.00" count="0"/>
        <line num="196" type="stmt" count="0"/>
        <line num="197" type="stmt" count="0"/>
        <line num="198" type="stmt" count="0"/>
        <line num="208" type="method" name="addSingularRules" visibility="public" complexity="1" crap="2.00" count="0"/>
        <line num="209" type="stmt" count="0"/>
        <line num="210" type="stmt" count="0"/>
        <line num="211" type="stmt" count="0"/>
        <line num="220" type="method" name="addIrregularRules" visibility="public" complexity="1" crap="2.00" count="0"/>
        <line num="221" type="stmt" count="0"/>
        <line num="222" type="stmt" count="0"/>
        <line num="223" type="stmt" count="0"/>
        <line num="232" type="method" name="addUncountableRules" visibility="public" complexity="1" crap="2.00" count="0"/>
        <line num="233" type="stmt" count="0"/>
        <line num="234" type="stmt" count="0"/>
        <line num="235" type="stmt" count="0"/>
        <metrics loc="235" ncloc="114" classes="1" methods="14" coveredmethods="0" conditionals="0" coveredconditionals="0" statements="56" coveredstatements="0" elements="70" coveredelements="0"/>
      </file>
      <file name="/Users/caleb/Code/packages/editor/src/Inflectors/Nb.php">
        <class name="Placemat\Editor\Inflectors\Nb" namespace="Placemat\Editor\Inflectors">
          <metrics complexity="4" methods="4" coveredmethods="0" conditionals="0" coveredconditionals="0" statements="25" coveredstatements="0" elements="29" coveredelements="0"/>
        </class>
        <line num="15" type="method" name="pluralRules" visibility="public" complexity="1" crap="2.00" count="0"/>
        <line num="16" type="stmt" count="0"/>
        <line num="17" type="stmt" count="0"/>
        <line num="18" type="stmt" count="0"/>
        <line num="19" type="stmt" count="0"/>
        <line num="20" type="stmt" count="0"/>
        <line num="21" type="stmt" count="0"/>
        <line num="22" type="stmt" count="0"/>
        <line num="30" type="method" name="singularRules" visibility="public" complexity="1" crap="2.00" count="0"/>
        <line num="31" type="stmt" count="0"/>
        <line num="32" type="stmt" count="0"/>
        <line num="33" type="stmt" count="0"/>
        <line num="34" type="stmt" count="0"/>
        <line num="35" type="stmt" count="0"/>
        <line num="36" type="stmt" count="0"/>
        <line num="43" type="method" name="irregularRules" visibility="public" complexity="1" crap="2.00" count="0"/>
        <line num="44" type="stmt" count="0"/>
        <line num="45" type="stmt" count="0"/>
        <line num="46" type="stmt" count="0"/>
        <line num="47" type="stmt" count="0"/>
        <line num="48" type="stmt" count="0"/>
        <line num="55" type="method" name="uncountableRules" visibility="public" complexity="1" crap="2.00" count="0"/>
        <line num="56" type="stmt" count="0"/>
        <line num="57" type="stmt" count="0"/>
        <line num="58" type="stmt" count="0"/>
        <line num="59" type="stmt" count="0"/>
        <line num="60" type="stmt" count="0"/>
        <line num="61" type="stmt" count="0"/>
        <line num="62" type="stmt" count="0"/>
        <metrics loc="63" ncloc="39" classes="1" methods="4" coveredmethods="0" conditionals="0" coveredconditionals="0" statements="25" coveredstatements="0" elements="29" coveredelements="0"/>
      </file>
      <file name="/Users/caleb/Code/packages/editor/src/Inflectors/Pt.php">
        <class name="Placemat\Editor\Inflectors\Pt" namespace="Placemat\Editor\Inflectors">
          <metrics complexity="4" methods="4" coveredmethods="0" conditionals="0" coveredconditionals="0" statements="91" coveredstatements="0" elements="95" coveredelements="0"/>
        </class>
        <line num="15" type="method" name="pluralRules" visibility="public" complexity="1" crap="2.00" count="0"/>
        <line num="16" type="stmt" count="0"/>
        <line num="17" type="stmt" count="0"/>
        <line num="18" type="stmt" count="0"/>
        <line num="19" type="stmt" count="0"/>
        <line num="20" type="stmt" count="0"/>
        <line num="21" type="stmt" count="0"/>
        <line num="22" type="stmt" count="0"/>
        <line num="23" type="stmt" count="0"/>
        <line num="24" type="stmt" count="0"/>
        <line num="25" type="stmt" count="0"/>
        <line num="26" type="stmt" count="0"/>
        <line num="27" type="stmt" count="0"/>
        <line num="28" type="stmt" count="0"/>
        <line num="29" type="stmt" count="0"/>
        <line num="30" type="stmt" count="0"/>
        <line num="31" type="stmt" count="0"/>
        <line num="32" type="stmt" count="0"/>
        <line num="33" type="stmt" count="0"/>
        <line num="34" type="stmt" count="0"/>
        <line num="35" type="stmt" count="0"/>
        <line num="36" type="stmt" count="0"/>
        <line num="44" type="method" name="singularRules" visibility="public" complexity="1" crap="2.00" count="0"/>
        <line num="45" type="stmt" count="0"/>
        <line num="46" type="stmt" count="0"/>
        <line num="47" type="stmt" count="0"/>
        <line num="48" type="stmt" count="0"/>
        <line num="49" type="stmt" count="0"/>
        <line num="50" type="stmt" count="0"/>
        <line num="51" type="stmt" count="0"/>
        <line num="52" type="stmt" count="0"/>
        <line num="53" type="stmt" count="0"/>
        <line num="54" type="stmt" count="0"/>
        <line num="55" type="stmt" count="0"/>
        <line num="56" type="stmt" count="0"/>
        <line num="57" type="stmt" count="0"/>
        <line num="58" type="stmt" count="0"/>
        <line num="59" type="stmt" count="0"/>
        <line num="60" type="stmt" count="0"/>
        <line num="61" type="stmt" count="0"/>
        <line num="62" type="stmt" count="0"/>
        <line num="63" type="stmt" count="0"/>
        <line num="64" type="stmt" count="0"/>
        <line num="71" type="method" name="irregularRules" visibility="public" complexity="1" crap="2.00" count="0"/>
        <line num="72" type="stmt" count="0"/>
        <line num="73" type="stmt" count="0"/>
        <line num="74" type="stmt" count="0"/>
        <line num="75" type="stmt" count="0"/>
        <line num="76" type="stmt" count="0"/>
        <line num="77" type="stmt" count="0"/>
        <line num="78" type="stmt" count="0"/>
        <line num="79" type="stmt" count="0"/>
        <line num="80" type="stmt" count="0"/>
        <line num="81" type="stmt" count="0"/>
        <line num="82" type="stmt" count="0"/>
        <line num="83" type="stmt" count="0"/>
        <line num="84" type="stmt" count="0"/>
        <line num="85" type="stmt" count="0"/>
        <line num="86" type="stmt" count="0"/>
        <line num="87" type="stmt" count="0"/>
        <line num="88" type="stmt" count="0"/>
        <line num="89" type="stmt" count="0"/>
        <line num="90" type="stmt" count="0"/>
        <line num="91" type="stmt" count="0"/>
        <line num="92" type="stmt" count="0"/>
        <line num="93" type="stmt" count="0"/>
        <line num="94" type="stmt" count="0"/>
        <line num="95" type="stmt" count="0"/>
        <line num="96" type="stmt" count="0"/>
        <line num="97" type="stmt" count="0"/>
        <line num="98" type="stmt" count="0"/>
        <line num="99" type="stmt" count="0"/>
        <line num="100" type="stmt" count="0"/>
        <line num="101" type="stmt" count="0"/>
        <line num="102" type="stmt" count="0"/>
        <line num="103" type="stmt" count="0"/>
        <line num="104" type="stmt" count="0"/>
        <line num="105" type="stmt" count="0"/>
        <line num="106" type="stmt" count="0"/>
        <line num="107" type="stmt" count="0"/>
        <line num="108" type="stmt" count="0"/>
        <line num="109" type="stmt" count="0"/>
        <line num="110" type="stmt" count="0"/>
        <line num="111" type="stmt" count="0"/>
        <line num="112" type="stmt" count="0"/>
        <line num="119" type="method" name="uncountableRules" visibility="public" complexity="1" crap="2.00" count="0"/>
        <line num="120" type="stmt" count="0"/>
        <line num="121" type="stmt" count="0"/>
        <line num="122" type="stmt" count="0"/>
        <line num="123" type="stmt" count="0"/>
        <line num="124" type="stmt" count="0"/>
        <line num="125" type="stmt" count="0"/>
        <line num="126" type="stmt" count="0"/>
        <line num="127" type="stmt" count="0"/>
        <line num="128" type="stmt" count="0"/>
        <metrics loc="129" ncloc="105" classes="1" methods="4" coveredmethods="0" conditionals="0" coveredconditionals="0" statements="91" coveredstatements="0" elements="95" coveredelements="0"/>
      </file>
      <file name="/Users/caleb/Code/packages/editor/src/Inflectors/Tr.php">
        <class name="Placemat\Editor\Inflectors\Tr" namespace="Placemat\Editor\Inflectors">
          <metrics complexity="4" methods="4" coveredmethods="0" conditionals="0" coveredconditionals="0" statements="21" coveredstatements="0" elements="25" coveredelements="0"/>
        </class>
        <line num="15" type="method" name="pluralRules" visibility="public" complexity="1" crap="2.00" count="0"/>
        <line num="16" type="stmt" count="0"/>
        <line num="17" type="stmt" count="0"/>
        <line num="18" type="stmt" count="0"/>
        <line num="19" type="stmt" count="0"/>
        <line num="20" type="stmt" count="0"/>
        <line num="21" type="stmt" count="0"/>
        <line num="29" type="method" name="singularRules" visibility="public" complexity="1" crap="2.00" count="0"/>
        <line num="30" type="stmt" count="0"/>
        <line num="31" type="stmt" count="0"/>
        <line num="32" type="stmt" count="0"/>
        <line num="33" type="stmt" count="0"/>
        <line num="34" type="stmt" count="0"/>
        <line num="41" type="method" name="irregularRules" visibility="public" complexity="1" crap="2.00" count="0"/>
        <line num="42" type="stmt" count="0"/>
        <line num="43" type="stmt" count="0"/>
        <line num="44" type="stmt" count="0"/>
        <line num="45" type="stmt" count="0"/>
        <line num="46" type="stmt" count="0"/>
        <line num="47" type="stmt" count="0"/>
        <line num="48" type="stmt" count="0"/>
        <line num="55" type="method" name="uncountableRules" visibility="public" complexity="1" crap="2.00" count="0"/>
        <line num="56" type="stmt" count="0"/>
        <line num="57" type="stmt" count="0"/>
        <line num="58" type="stmt" count="0"/>
        <metrics loc="59" ncloc="35" classes="1" methods="4" coveredmethods="0" conditionals="0" coveredconditionals="0" statements="21" coveredstatements="0" elements="25" coveredelements="0"/>
      </file>
    </package>
    <file name="/Users/caleb/Code/packages/editor/src/helpers.php">
      <line num="14" type="stmt" count="0"/>
      <metrics loc="15" ncloc="9" classes="0" methods="0" coveredmethods="0" conditionals="0" coveredconditionals="0" statements="1" coveredstatements="0" elements="1" coveredelements="0"/>
    </file>
    <metrics files="9" loc="1910" ncloc="1223" classes="8" methods="92" coveredmethods="36" conditionals="0" coveredconditionals="0" statements="603" coveredstatements="182" elements="695" coveredelements="218"/>
  </project>
</coverage>
